Arguments: 
  C:\Program Files\nodejs\node.exe C:\Program Files\nodejs\node_modules\yarn\bin\yarn.js add @headlessui/react

PATH: 
  C:\Windows\system32;C:\Windows;C:\Windows\System32\Wbem;C:\Windows\System32\WindowsPowerShell\v1.0\;C:\Windows\System32\OpenSSH\;C:\Program Files\Git\cmd;C:\Program Files\Microsoft VS Code\bin;C:\Program Files (x86)\Bitvise SSH Client;%NVM_HOME%;%NVM_SYMLINK%;C:\Users\john\AppData\Local\Programs\Python\Python37\Scripts\;C:\Users\john\AppData\Local\Programs\Python\Python37\;C:\Users\john\AppData\Local\Microsoft\WindowsApps;C:\Program Files\heroku\bin;C:\Users\john\AppData\Roaming\nvm;C:\Program Files\nodejs

Yarn version: 
  1.22.18

Node version: 
  14.18.0

Platform: 
  win32 x64

Trace: 
  Error: https://registry.yarnpkg.com/@solana%2fspl-token-registry: ESOCKETTIMEDOUT
      at ClientRequest.<anonymous> (C:\Users\john\AppData\Roaming\nvm\v14.18.0\node_modules\yarn\lib\cli.js:141510:19)
      at Object.onceWrapper (events.js:519:28)
      at ClientRequest.emit (events.js:400:28)
      at TLSSocket.emitRequestTimeout (_http_client.js:790:9)
      at Object.onceWrapper (events.js:519:28)
      at TLSSocket.emit (events.js:412:35)
      at TLSSocket.Socket._onTimeout (net.js:495:8)
      at listOnTimeout (internal/timers.js:557:17)
      at processTimers (internal/timers.js:500:7)

npm manifest: 
  {
    "name": "explorer",
    "version": "0.1.0",
    "private": true,
    "dependencies": {
      "@blockworks-foundation/mango-client": "^3.2.16",
      "@bonfida/bot": "^0.5.3",
      "@bonfida/spl-name-service": "^0.1.22",
      "@cloudflare/stream-react": "^1.2.0",
      "@headlessui/react": "^1.5.0",
      "@metamask/jazzicon": "^2.0.0",
      "@metaplex/js": "4.12.0",
      "@popperjs/core": "^2.11.2",
      "@project-serum/anchor": "^0.18.2",
      "@project-serum/serum": "^0.13.61",
      "@react-hook/debounce": "^4.0.0",
      "@sentry/react": "^6.16.1",
      "@solana/spl-token-registry": "^0.2.1143",
      "@solana/web3.js": "^1.31.0",
      "@testing-library/jest-dom": "^5.16.1",
      "@testing-library/react": "^12.1.2",
      "@testing-library/user-event": "^13.5.0",
      "@types/bn.js": "^5.1.0",
      "@types/bs58": "^4.0.1",
      "@types/chai": "^4.2.22",
      "@types/chart.js": "^2.9.34",
      "@types/classnames": "^2.3.1",
      "@types/jest": "^27.4.0",
      "@types/node": "^16.11.12",
      "@types/react": "^17.0.37",
      "@types/react-dom": "^17.0.11",
      "@types/react-router-dom": "^5.3.2",
      "@types/react-select": "^3.1.2",
      "@types/socket.io-client": "^3.0.0",
      "bignumber.js": "^9.0.1",
      "bn.js": "^5.2.0",
      "bootstrap": "~5.1.3",
      "bs58": "^4.0.1",
      "chai": "^4.3.4",
      "chart.js": "^2.9.4",
      "classnames": "2.3.1",
      "coingecko-api": "^1.0.10",
      "cross-fetch": "^3.1.4",
      "humanize-duration-ts": "^2.1.1",
      "lodash.debounce": "^4.0.8",
      "prettier": "^2.5.1",
      "react": "^17.0.2",
      "react-chartjs-2": "^2.11.2",
      "react-content-loader": "^6.1.0",
      "react-countup": "^6.1.0",
      "react-dom": "^17.0.2",
      "react-json-view": "^1.21.3",
      "react-loader-spinner": "^6.0.0-0",
      "react-moment": "^1.1.1",
      "react-router-dom": "^5.3.0",
      "react-scripts": "^4.0.3",
      "react-select": "^4.3.1",
      "sass": "^1.47.0",
      "source-map-explorer": "^2.5.2",
      "superstruct": "^0.15.3",
      "typescript": "^4.5.4"
    },
    "scripts": {
      "analyze": "craco build",
      "start": "react-scripts start",
      "build": "react-scripts build",
      "test": "react-scripts test",
      "format": "prettier -c \"**/*.+(js|jsx|ts|tsx|json|css|md)\"",
      "format:fix": "prettier --write \"**/*.+(js|jsx|ts|tsx|json|css|md)\""
    },
    "eslintConfig": {
      "extends": "react-app"
    },
    "browserslist": {
      "production": [
        ">0.2%",
        "not dead",
        "not op_mini all"
      ],
      "development": [
        "last 1 chrome version",
        "last 1 firefox version",
        "last 1 safari version"
      ]
    },
    "devDependencies": {
      "@craco/craco": "^6.4.3",
      "webpack-bundle-analyzer": "^4.5.0"
    }
  }

yarn manifest: 
  No manifest

Lockfile: 
  No lockfile
